app/build/intermediates/manifest_merge_blame_file/release/manifest-merger-blame-release-report.txt
1<?xml version="1.0" encoding="utf-8"?>
2<manifest xmlns:android="http://schemas.android.com/apk/res/android"
3    package="com.example.sensor"
4    android:versionCode="1"
5    android:versionName="1.0" >
6
7    <uses-sdk
8        android:minSdkVersion="24"
9        android:targetSdkVersion="34" />
10
11    <uses-permission android:name="android.permission.ACCESS_COARSE_LOCATION" />
11-->src/main/AndroidManifest.xml:3:5-81
11-->src/main/AndroidManifest.xml:3:22-78
12    <uses-permission android:name="android.permission.ACCESS_FINE_LOCATION" />
12-->src/main/AndroidManifest.xml:4:5-79
12-->src/main/AndroidManifest.xml:4:22-76
13    <uses-permission android:name="android.permission.INTERNET" />
13-->src/main/AndroidManifest.xml:5:5-67
13-->src/main/AndroidManifest.xml:5:22-64
14    <uses-permission android:name="android.permission.WRITE_EXTERNAL_STORAGE" />
14-->src/main/AndroidManifest.xml:6:5-81
14-->src/main/AndroidManifest.xml:6:22-78
15
16    <supports-screens
16-->[org.osmdroid:osmdroid-android:6.1.10] AndroidManifest.xml:11:5-14:40
17        android:anyDensity="true"
17-->[org.osmdroid:osmdroid-android:6.1.10] AndroidManifest.xml:12:9-34
18        android:largeScreens="true"
18-->[org.osmdroid:osmdroid-android:6.1.10] AndroidManifest.xml:13:9-36
19        android:normalScreens="true" />
19-->[org.osmdroid:osmdroid-android:6.1.10] AndroidManifest.xml:14:9-37
20
21    <uses-feature
21-->[org.osmdroid:osmdroid-android:6.1.10] AndroidManifest.xml:16:5-18:36
22        android:name="android.hardware.location.network"
22-->[org.osmdroid:osmdroid-android:6.1.10] AndroidManifest.xml:17:9-57
23        android:required="false" />
23-->[org.osmdroid:osmdroid-android:6.1.10] AndroidManifest.xml:18:9-33
24    <uses-feature
24-->[org.osmdroid:osmdroid-android:6.1.10] AndroidManifest.xml:19:5-21:36
25        android:name="android.hardware.location.gps"
25-->[org.osmdroid:osmdroid-android:6.1.10] AndroidManifest.xml:20:9-53
26        android:required="false" />
26-->[org.osmdroid:osmdroid-android:6.1.10] AndroidManifest.xml:21:9-33
27    <uses-feature
27-->[org.osmdroid:osmdroid-android:6.1.10] AndroidManifest.xml:22:5-24:36
28        android:name="android.hardware.telephony"
28-->[org.osmdroid:osmdroid-android:6.1.10] AndroidManifest.xml:23:9-50
29        android:required="false" />
29-->[org.osmdroid:osmdroid-android:6.1.10] AndroidManifest.xml:24:9-33
30    <uses-feature
30-->[org.osmdroid:osmdroid-android:6.1.10] AndroidManifest.xml:25:5-27:36
31        android:name="android.hardware.wifi"
31-->[org.osmdroid:osmdroid-android:6.1.10] AndroidManifest.xml:26:9-45
32        android:required="false" />
32-->[org.osmdroid:osmdroid-android:6.1.10] AndroidManifest.xml:27:9-33
33
34    <permission
34-->[androidx.core:core:1.13.1] AndroidManifest.xml:22:5-24:47
35        android:name="com.example.sensor.DYNAMIC_RECEIVER_NOT_EXPORTED_PERMISSION"
35-->[androidx.core:core:1.13.1] AndroidManifest.xml:23:9-81
36        android:protectionLevel="signature" />
36-->[androidx.core:core:1.13.1] AndroidManifest.xml:24:9-44
37
38    <uses-permission android:name="com.example.sensor.DYNAMIC_RECEIVER_NOT_EXPORTED_PERMISSION" />
38-->[androidx.core:core:1.13.1] AndroidManifest.xml:26:5-97
38-->[androidx.core:core:1.13.1] AndroidManifest.xml:26:22-94
39
40    <application
40-->src/main/AndroidManifest.xml:8:5-23:19
41        android:appComponentFactory="androidx.core.app.CoreComponentFactory"
41-->[androidx.core:core:1.13.1] AndroidManifest.xml:28:18-86
42        android:extractNativeLibs="false"
43        android:label="sensor"
43-->src/main/AndroidManifest.xml:9:9-31
44        android:theme="@android:style/Theme.Material.Light" >
44-->src/main/AndroidManifest.xml:10:9-60
45        <activity
45-->src/main/AndroidManifest.xml:12:9-21:20
46            android:name="com.example.sensor.MainActivity"
46-->src/main/AndroidManifest.xml:13:13-41
47            android:exported="true" >
47-->src/main/AndroidManifest.xml:14:13-36
48            <intent-filter>
48-->src/main/AndroidManifest.xml:16:13-19:29
49                <action android:name="android.intent.action.MAIN" />
49-->src/main/AndroidManifest.xml:17:17-69
49-->src/main/AndroidManifest.xml:17:25-66
50
51                <category android:name="android.intent.category.LAUNCHER" />
51-->src/main/AndroidManifest.xml:18:17-77
51-->src/main/AndroidManifest.xml:18:27-74
52            </intent-filter>
53        </activity>
54
55        <provider
55-->[androidx.profileinstaller:profileinstaller:1.3.0] AndroidManifest.xml:24:9-32:20
56            android:name="androidx.startup.InitializationProvider"
56-->[androidx.profileinstaller:profileinstaller:1.3.0] AndroidManifest.xml:25:13-67
57            android:authorities="com.example.sensor.androidx-startup"
57-->[androidx.profileinstaller:profileinstaller:1.3.0] AndroidManifest.xml:26:13-68
58            android:exported="false" >
58-->[androidx.profileinstaller:profileinstaller:1.3.0] AndroidManifest.xml:27:13-37
59            <meta-data
59-->[androidx.profileinstaller:profileinstaller:1.3.0] AndroidManifest.xml:29:13-31:52
60                android:name="androidx.profileinstaller.ProfileInstallerInitializer"
60-->[androidx.profileinstaller:profileinstaller:1.3.0] AndroidManifest.xml:30:17-85
61                android:value="androidx.startup" />
61-->[androidx.profileinstaller:profileinstaller:1.3.0] AndroidManifest.xml:31:17-49
62        </provider>
63
64        <receiver
64-->[androidx.profileinstaller:profileinstaller:1.3.0] AndroidManifest.xml:34:9-52:20
65            android:name="androidx.profileinstaller.ProfileInstallReceiver"
65-->[androidx.profileinstaller:profileinstaller:1.3.0] AndroidManifest.xml:35:13-76
66            android:directBootAware="false"
66-->[androidx.profileinstaller:profileinstaller:1.3.0] AndroidManifest.xml:36:13-44
67            android:enabled="true"
67-->[androidx.profileinstaller:profileinstaller:1.3.0] AndroidManifest.xml:37:13-35
68            android:exported="true"
68-->[androidx.profileinstaller:profileinstaller:1.3.0] AndroidManifest.xml:38:13-36
69            android:permission="android.permission.DUMP" >
69-->[androidx.profileinstaller:profileinstaller:1.3.0] AndroidManifest.xml:39:13-57
70            <intent-filter>
70-->[androidx.profileinstaller:profileinstaller:1.3.0] AndroidManifest.xml:40:13-42:29
71                <action android:name="androidx.profileinstaller.action.INSTALL_PROFILE" />
71-->[androidx.profileinstaller:profileinstaller:1.3.0] AndroidManifest.xml:41:17-91
71-->[androidx.profileinstaller:profileinstaller:1.3.0] AndroidManifest.xml:41:25-88
72            </intent-filter>
73            <intent-filter>
73-->[androidx.profileinstaller:profileinstaller:1.3.0] AndroidManifest.xml:43:13-45:29
74                <action android:name="androidx.profileinstaller.action.SKIP_FILE" />
74-->[androidx.profileinstaller:profileinstaller:1.3.0] AndroidManifest.xml:44:17-85
74-->[androidx.profileinstaller:profileinstaller:1.3.0] AndroidManifest.xml:44:25-82
75            </intent-filter>
76            <intent-filter>
76-->[androidx.profileinstaller:profileinstaller:1.3.0] AndroidManifest.xml:46:13-48:29
77                <action android:name="androidx.profileinstaller.action.SAVE_PROFILE" />
77-->[androidx.profileinstaller:profileinstaller:1.3.0] AndroidManifest.xml:47:17-88
77-->[androidx.profileinstaller:profileinstaller:1.3.0] AndroidManifest.xml:47:25-85
78            </intent-filter>
79            <intent-filter>
79-->[androidx.profileinstaller:profileinstaller:1.3.0] AndroidManifest.xml:49:13-51:29
80                <action android:name="androidx.profileinstaller.action.BENCHMARK_OPERATION" />
80-->[androidx.profileinstaller:profileinstaller:1.3.0] AndroidManifest.xml:50:17-95
80-->[androidx.profileinstaller:profileinstaller:1.3.0] AndroidManifest.xml:50:25-92
81            </intent-filter>
82        </receiver>
83    </application>
84
85</manifest>